<?xml version="1.0" encoding="UTF-8" ?>
<testsuite errors="0" failures="0" hostname="Oberon-PC" name="hr.fer.zemris.bool.MasksTest" skipped="0" tests="2" time="0.052" timestamp="2014-04-07T05:51:05">
  <properties>
[...]
</properties>
  <testcase classname="hr.fer.zemris.bool.MasksTest" name="testFromIndexes" time="0.043" />
  <testcase classname="hr.fer.zemris.bool.MasksTest" name="testFromStrings" time="0.0" />
  <system-out><![CDATA[]]></system-out>
  <system-err><![CDATA[]]></system-err>
</testsuite>
